Connected to smtp://smtp-mail.outlook.com:587/?starttls=always
S: 220 VI1PR07CA0279.outlook.office365.com Microsoft ESMTP MAIL Service ready at Tue, 8 Aug 2023 14:46:04 +0000
C: EHLO DESKTOP-AGQ2L54
S: 250-VI1PR07CA0279.outlook.office365.com Hello [31.223.148.81]
S: 250-SIZE 157286400
S: 250-PIPELINING
S: 250-DSN
S: 250-ENHANCEDSTATUSCODES
S: 250-STARTTLS
S: 250-8BITMIME
S: 250-BINARYMIME
S: 250-CHUNKING
S: 250 SMTPUTF8
C: STARTTLS
S: 220 2.0.0 SMTP server ready
C: EHLO DESKTOP-AGQ2L54
S: 250-VI1PR07CA0279.outlook.office365.com Hello [31.223.148.81]
S: 250-SIZE 157286400
S: 250-PIPELINING
S: 250-DSN
S: 250-ENHANCEDSTATUSCODES
S: 250-AUTH LOGIN XOAUTH2
S: 250-8BITMIME
S: 250-BINARYMIME
S: 250-CHUNKING
S: 250 SMTPUTF8
C: AUTH LOGIN
S: 334 VXNlcm5hbWU6
C: ********
S: 334 UGFzc3dvcmQ6
C: ********
S: 535 5.7.139 Authentication unsuccessful, the user credentials were incorrect. [VI1PR07CA0279.eurprd07.prod.outlook.com 2023-08-08T14:46:22.930Z 08DB97F719B63126]
Connected to smtp://smtp-mail.outlook.com:587/?starttls=always
S: 220 VI1PR10CA0113.outlook.office365.com Microsoft ESMTP MAIL Service ready at Thu, 10 Aug 2023 15:27:21 +0000
C: EHLO DESKTOP-AGQ2L54
S: 250-VI1PR10CA0113.outlook.office365.com Hello [31.223.148.109]
S: 250-SIZE 157286400
S: 250-PIPELINING
S: 250-DSN
S: 250-ENHANCEDSTATUSCODES
S: 250-STARTTLS
S: 250-8BITMIME
S: 250-BINARYMIME
S: 250-CHUNKING
S: 250 SMTPUTF8
C: STARTTLS
S: 220 2.0.0 SMTP server ready
C: EHLO DESKTOP-AGQ2L54
S: 250-VI1PR10CA0113.outlook.office365.com Hello [31.223.148.109]
S: 250-SIZE 157286400
S: 250-PIPELINING
S: 250-DSN
S: 250-ENHANCEDSTATUSCODES
S: 250-AUTH LOGIN XOAUTH2
S: 250-8BITMIME
S: 250-BINARYMIME
S: 250-CHUNKING
S: 250 SMTPUTF8
C: AUTH LOGIN
S: 334 VXNlcm5hbWU6
C: ********
S: 334 UGFzc3dvcmQ6
C: ********
S: 535 5.7.139 Authentication unsuccessful, the user credentials were incorrect. [VI1PR10CA0113.EURPRD10.PROD.OUTLOOK.COM 2023-08-10T15:27:40.184Z 08DB991D44E044F3]
